<?xml version="1.0" encoding="UTF-8"?>
<!-- Generated by org.testng.reporters.JUnitReportReporter -->
<testsuite hostname="DESKTOP-7T30M5U" failures="0" tests="1" name="TestNG.Annotation" time="0.009" errors="0" timestamp="2023-09-30T13:21:41 IST" skipped="0">
  <testcase classname="TestNG.Annotation" name="createCustomer" time="0.009">
    <system-out>
      <![CDATA[customer created]]>
    </system-out>
  </testcase> <!-- createCustomer -->
  <system-out>
    <![CDATA[database connected
browser launched
logged in successfully
customer created
logged out successfully
browser closed
database disconnected]]>
  </system-out>
</testsuite> <!-- TestNG.Annotation -->
