<?xml version="1.0" encoding="UTF-8"?>
<!-- Generated by org.testng.reporters.JUnitReportReporter -->
<testsuite hostname="DESKTOP-7T30M5U" failures="0" tests="1" name="TestNG.Verification" time="10.656" errors="0" timestamp="2023-10-01T11:27:34 IST" skipped="0">
  <testcase classname="TestNG.Verification" name="verification" time="10.656"/>
</testsuite> <!-- TestNG.Verification -->
