<?xml version="1.0" encoding="UTF-8"?>
<!-- Generated by org.testng.reporters.JUnitReportReporter -->
<testsuite hostname="DESKTOP-7T30M5U" failures="0" tests="1" name="TestNG.BaseClassImplementation" time="5.302" errors="0" timestamp="2023-09-30T14:07:34 IST" skipped="0">
  <testcase classname="TestNG.BaseClassImplementation" name="createcustomer" time="5.302">
    <system-out>
      <![CDATA[customer created]]>
    </system-out>
  </testcase> <!-- createcustomer -->
  <system-out>
    <![CDATA[database connected
browser launched
logged in successfully
customer created
logged out successfully
browser closed
database disconnected]]>
  </system-out>
</testsuite> <!-- TestNG.BaseClassImplementation -->
