<?xml version="1.0" encoding="UTF-8"?>
<!-- Generated by org.testng.reporters.JUnitReportReporter -->
<testsuite hostname="DESKTOP-7T30M5U" failures="0" tests="1" name="TestNG.Verification1" time="8.810" errors="0" timestamp="2023-10-01T11:50:32 IST" skipped="0">
  <testcase classname="TestNG.Verification1" name="verification" time="8.810"/>
</testsuite> <!-- TestNG.Verification1 -->
