<?xml version="1.0" encoding="UTF-8"?>
<!-- Generated by org.testng.reporters.JUnitReportReporter -->
<testsuite hostname="DESKTOP-7T30M5U" failures="0" tests="1" name="POM.StaleElement" time="16.727" errors="0" timestamp="2023-10-01T12:52:32 IST" skipped="0">
  <testcase classname="POM.StaleElement" name="stale" time="16.727"/>
</testsuite> <!-- POM.StaleElement -->
