<?xml version="1.0" encoding="UTF-8"?>
<!-- Generated by org.testng.reporters.JUnitReportReporter -->
<testsuite hostname="DESKTOP-7T30M5U" failures="0" tests="1" name="TestNG.ScreenShotProgram" time="8.900" errors="0" timestamp="2023-09-30T14:48:47 IST" skipped="0">
  <testcase classname="TestNG.ScreenShotProgram" name="getScreenShot" time="8.900"/>
</testsuite> <!-- TestNG.ScreenShotProgram -->
